# JRE version: Java(TM) SE Runtime Environment (15.0.2+7) (build 15.0.2+7-27)
# Java VM: Java HotSpot(TM) 64-Bit Server VM (15.0.2+7-27, mixed mode, sharing, tiered, compressed oops, g1 gc, windows-amd64)
GC Precious Log:
 CPUs: 4 total, 4 available
 Memory: 3977M
 Large Page Support: Disabled
 NUMA Support: Disabled
 Compressed Oops: Enabled (32-bit)
 Heap Region Size: 1M
 Heap Min Capacity: 8M
 Heap Initial Capacity: 64M
 Heap Max Capacity: 996M
 Pre-touch: Disabled
 Parallel Workers: 4
 Concurrent Workers: 1
 Concurrent Refinement Workers: 4
 Periodic GC: Disabled
Heap:
 garbage-first heap   total 65536K, used 24402K [0x00000000c1c00000, 0x0000000100000000)
  region size 1024K, 15 young (15360K), 5 survivors (5120K)
 Metaspace       used 19339K, capacity 20513K, committed 20864K, reserved 1067008K
  class space    used 2158K, capacity 2310K, committed 2432K, reserved 1048576K
GC Heap History (6 events):
Event: 5.984 GC heap before
{Heap before GC invocations=0 (full 0):
 garbage-first heap   total 65536K, used 16384K [0x00000000c1c00000, 0x0000000100000000)
  region size 1024K, 13 young (13312K), 0 survivors (0K)
 Metaspace       used 4067K, capacity 7730K, committed 7936K, reserved 1056768K
  class space    used 333K, capacity 682K, committed 768K, reserved 1048576K
}
Event: 6.059 GC heap after
{Heap after GC invocations=1 (full 0):
 garbage-first heap   total 65536K, used 5244K [0x00000000c1c00000, 0x0000000100000000)
  region size 1024K, 2 young (2048K), 2 survivors (2048K)
 Metaspace       used 4067K, capacity 7730K, committed 7936K, reserved 1056768K
  class space    used 333K, capacity 682K, committed 768K, reserved 1048576K
}
Event: 8.200 GC heap before
{Heap before GC invocations=1 (full 0):
 garbage-first heap   total 65536K, used 20604K [0x00000000c1c00000, 0x0000000100000000)
  region size 1024K, 18 young (18432K), 2 survivors (2048K)
 Metaspace       used 8020K, capacity 11314K, committed 11392K, reserved 1058816K
  class space    used 821K, capacity 1130K, committed 1152K, reserved 1048576K
}
Event: 8.214 GC heap after
{Heap after GC invocations=2 (full 0):
 garbage-first heap   total 65536K, used 6622K [0x00000000c1c00000, 0x0000000100000000)
  region size 1024K, 2 young (2048K), 2 survivors (2048K)
 Metaspace       used 8020K, capacity 11314K, committed 11392K, reserved 1058816K
  class space    used 821K, capacity 1130K, committed 1152K, reserved 1048576K
}
Event: 16.001 GC heap before
{Heap before GC invocations=2 (full 0):
 garbage-first heap   total 65536K, used 46558K [0x00000000c1c00000, 0x0000000100000000)
  region size 1024K, 38 young (38912K), 2 survivors (2048K)
 Metaspace       used 17008K, capacity 19021K, committed 19072K, reserved 1067008K
  class space    used 1911K, capacity 2135K, committed 2176K, reserved 1048576K
}
Event: 16.034 GC heap after
{Heap after GC invocations=3 (full 0):
 garbage-first heap   total 65536K, used 15186K [0x00000000c1c00000, 0x0000000100000000)
  region size 1024K, 5 young (5120K), 5 survivors (5120K)
 Metaspace       used 17008K, capacity 19021K, committed 19072K, reserved 1067008K
  class space    used 1911K, capacity 2135K, committed 2176K, reserved 1048576K
}

