# JRE version: Java(TM) SE Runtime Environment (15.0.2+7) (build 15.0.2+7-27)
# Java VM: Java HotSpot(TM) 64-Bit Server VM (15.0.2+7-27, mixed mode, sharing, tiered, compressed oops, g1 gc, windows-amd64)
GC Precious Log:
 CPUs: 4 total, 4 available
 Memory: 3977M
 Large Page Support: Disabled
 NUMA Support: Disabled
 Compressed Oops: Enabled (32-bit)
 Heap Region Size: 1M
 Heap Min Capacity: 8M
 Heap Initial Capacity: 64M
 Heap Max Capacity: 2G
 Pre-touch: Disabled
 Parallel Workers: 4
 Concurrent Workers: 1
 Concurrent Refinement Workers: 4
 Periodic GC: Disabled
Heap:
 garbage-first heap   total 512000K, used 306242K [0x0000000080000000, 0x0000000100000000)
  region size 1024K, 77 young (78848K), 3 survivors (3072K)
 Metaspace       used 155007K, capacity 157603K, committed 157744K, reserved 655360K
  class space    used 19450K, capacity 20344K, committed 20352K, reserved 516096K
GC Heap History (20 events):
Event: 395.553 GC heap before
{Heap before GC invocations=162 (full 0):
 garbage-first heap   total 479232K, used 281679K [0x0000000080000000, 0x0000000100000000)
  region size 1024K, 71 young (72704K), 6 survivors (6144K)
 Metaspace       used 152279K, capacity 154969K, committed 155184K, reserved 651264K
  class space    used 19145K, capacity 20042K, committed 20096K, reserved 516096K
}
Event: 395.590 GC heap after
{Heap after GC invocations=163 (full 0):
 garbage-first heap   total 479232K, used 217636K [0x0000000080000000, 0x0000000100000000)
  region size 1024K, 3 young (3072K), 3 survivors (3072K)
 Metaspace       used 152279K, capacity 154969K, committed 155184K, reserved 651264K
  class space    used 19145K, capacity 20042K, committed 20096K, reserved 516096K
}
Event: 401.974 GC heap before
{Heap before GC invocations=163 (full 0):
 garbage-first heap   total 479232K, used 343588K [0x0000000080000000, 0x0000000100000000)
  region size 1024K, 126 young (129024K), 3 survivors (3072K)
 Metaspace       used 153523K, capacity 156160K, committed 156336K, reserved 653312K
  class space    used 19298K, capacity 20183K, committed 20224K, reserved 516096K
}
Event: 402.094 GC heap after
{Heap after GC invocations=164 (full 0):
 garbage-first heap   total 479232K, used 219997K [0x0000000080000000, 0x0000000100000000)
  region size 1024K, 5 young (5120K), 5 survivors (5120K)
 Metaspace       used 153523K, capacity 156160K, committed 156336K, reserved 653312K
  class space    used 19298K, capacity 20183K, committed 20224K, reserved 516096K
}
Event: 407.244 GC heap before
{Heap before GC invocations=164 (full 0):
 garbage-first heap   total 479232K, used 364381K [0x0000000080000000, 0x0000000100000000)
  region size 1024K, 146 young (149504K), 5 survivors (5120K)
 Metaspace       used 154369K, capacity 157059K, committed 157232K, reserved 653312K
  class space    used 19412K, capacity 20312K, committed 20352K, reserved 516096K
}
Event: 407.419 GC heap after
{Heap after GC invocations=165 (full 0):
 garbage-first heap   total 479232K, used 228189K [0x0000000080000000, 0x0000000100000000)
  region size 1024K, 13 young (13312K), 13 survivors (13312K)
 Metaspace       used 154369K, capacity 157059K, committed 157232K, reserved 653312K
  class space    used 19412K, capacity 20312K, committed 20352K, reserved 516096K
}
Event: 408.434 GC heap before
{Heap before GC invocations=165 (full 0):
 garbage-first heap   total 479232K, used 297821K [0x0000000080000000, 0x0000000100000000)
  region size 1024K, 81 young (82944K), 13 survivors (13312K)
 Metaspace       used 154399K, capacity 157059K, committed 157232K, reserved 653312K
  class space    used 19414K, capacity 20312K, committed 20352K, reserved 516096K
}
Event: 408.519 GC heap after
{Heap after GC invocations=166 (full 0):
 garbage-first heap   total 479232K, used 229233K [0x0000000080000000, 0x0000000100000000)
  region size 1024K, 3 young (3072K), 3 survivors (3072K)
 Metaspace       used 154399K, capacity 157059K, committed 157232K, reserved 653312K
  class space    used 19414K, capacity 20312K, committed 20352K, reserved 516096K
}
Event: 410.205 GC heap before
{Heap before GC invocations=166 (full 0):
 garbage-first heap   total 479232K, used 398193K [0x0000000080000000, 0x0000000100000000)
  region size 1024K, 168 young (172032K), 3 survivors (3072K)
 Metaspace       used 154600K, capacity 157251K, committed 157488K, reserved 653312K
  class space    used 19424K, capacity 20312K, committed 20352K, reserved 516096K
}
Event: 410.310 GC heap after
{Heap after GC invocations=167 (full 0):
 garbage-first heap   total 479232K, used 231420K [0x0000000080000000, 0x0000000100000000)
  region size 1024K, 5 young (5120K), 5 survivors (5120K)
 Metaspace       used 154600K, capacity 157251K, committed 157488K, reserved 653312K
  class space    used 19424K, capacity 20312K, committed 20352K, reserved 516096K
}
Event: 412.949 GC heap before
{Heap before GC invocations=167 (full 0):
 garbage-first heap   total 479232K, used 403452K [0x0000000080000000, 0x0000000100000000)
  region size 1024K, 173 young (177152K), 5 survivors (5120K)
 Metaspace       used 154870K, capacity 157507K, committed 157744K, reserved 655360K
  class space    used 19429K, capacity 20312K, committed 20352K, reserved 516096K
}
Event: 413.095 GC heap after
{Heap after GC invocations=168 (full 0):
 garbage-first heap   total 479232K, used 246013K [0x0000000080000000, 0x0000000100000000)
  region size 1024K, 19 young (19456K), 19 survivors (19456K)
 Metaspace       used 154870K, capacity 157507K, committed 157744K, reserved 655360K
  class space    used 19429K, capacity 20312K, committed 20352K, reserved 516096K
}
Event: 414.458 GC heap before
{Heap before GC invocations=168 (full 0):
 garbage-first heap   total 479232K, used 316669K [0x0000000080000000, 0x0000000100000000)
  region size 1024K, 89 young (91136K), 19 survivors (19456K)
 Metaspace       used 154901K, capacity 157571K, committed 157744K, reserved 655360K
  class space    used 19429K, capacity 20312K, committed 20352K, reserved 516096K
}
Event: 414.568 GC heap after
{Heap after GC invocations=169 (full 0):
 garbage-first heap   total 479232K, used 242662K [0x0000000080000000, 0x0000000100000000)
  region size 1024K, 2 young (2048K), 2 survivors (2048K)
 Metaspace       used 154901K, capacity 157571K, committed 157744K, reserved 655360K
  class space    used 19429K, capacity 20312K, committed 20352K, reserved 516096K
}
Event: 424.384 GC heap before
{Heap before GC invocations=170 (full 0):
 garbage-first heap   total 501760K, used 400358K [0x0000000080000000, 0x0000000100000000)
  region size 1024K, 156 young (159744K), 2 survivors (2048K)
 Metaspace       used 155002K, capacity 157603K, committed 157744K, reserved 655360K
  class space    used 19450K, capacity 20344K, committed 20352K, reserved 516096K
}
Event: 424.443 GC heap after
{Heap after GC invocations=171 (full 0):
 garbage-first heap   total 501760K, used 244710K [0x0000000080000000, 0x0000000100000000)
  region size 1024K, 4 young (4096K), 4 survivors (4096K)
 Metaspace       used 155002K, capacity 157603K, committed 157744K, reserved 655360K
  class space    used 19450K, capacity 20344K, committed 20352K, reserved 516096K
}
Event: 424.624 GC heap before
{Heap before GC invocations=171 (full 0):
 garbage-first heap   total 501760K, used 265190K [0x0000000080000000, 0x0000000100000000)
  region size 1024K, 24 young (24576K), 4 survivors (4096K)
 Metaspace       used 155002K, capacity 157603K, committed 157744K, reserved 655360K
  class space    used 19450K, capacity 20344K, committed 20352K, reserved 516096K
}
Event: 424.797 GC heap after
{Heap after GC invocations=172 (full 0):
 garbage-first heap   total 501760K, used 229356K [0x0000000080000000, 0x0000000100000000)
  region size 1024K, 1 young (1024K), 1 survivors (1024K)
 Metaspace       used 155002K, capacity 157603K, committed 157744K, reserved 655360K
  class space    used 19450K, capacity 20344K, committed 20352K, reserved 516096K
}
Event: 429.027 GC heap before
{Heap before GC invocations=172 (full 0):
 garbage-first heap   total 501760K, used 422892K [0x0000000080000000, 0x0000000100000000)
  region size 1024K, 190 young (194560K), 1 survivors (1024K)
 Metaspace       used 155004K, capacity 157603K, committed 157744K, reserved 655360K
  class space    used 19450K, capacity 20344K, committed 20352K, reserved 516096K
}
Event: 429.116 GC heap after
{Heap after GC invocations=173 (full 0):
 garbage-first heap   total 501760K, used 231490K [0x0000000080000000, 0x0000000100000000)
  region size 1024K, 3 young (3072K), 3 survivors (3072K)
 Metaspace       used 155004K, capacity 157603K, committed 157744K, reserved 655360K
  class space    used 19450K, capacity 20344K, committed 20352K, reserved 516096K
}

